<?xml version="1.0" encoding="UTF-8"?>
<!-- Generated by org.testng.reporters.JUnitReportReporter -->
<testsuite hostname="LAPTOP-BL3K9G36" failures="0" tests="4" name="loginTest.LoginDemo" time="32.428" errors="0" timestamp="2023-02-07T22:28:04 AST" skipped="0">
  <testcase classname="loginTest.LoginDemo" name="LoginTestCase" time="7.895"/>
  <system-out/>
  <testcase classname="loginTest.LoginDemo" name="LoginTestCase" time="8.300"/>
  <system-out/>
  <testcase classname="loginTest.LoginDemo" name="LoginTestCase" time="8.412"/>
  <system-out/>
  <testcase classname="loginTest.LoginDemo" name="LoginTestCase" time="7.821"/>
  <system-out/>
</testsuite> <!-- loginTest.LoginDemo -->
